C:\Program Files\Microsoft Visual Studio\2022\Community\MSBuild\Microsoft\VC\v170\Microsoft.CppBuild.targets(1098,5): warning MSB8027: Two or more files with the name of actor.cpp will produce outputs to the same location. This can lead to an incorrect build result.  The files involved are source\actor.cpp, source\engine\actor.cpp.
C:\Program Files\Microsoft Visual Studio\2022\Community\MSBuild\Microsoft\VC\v170\Microsoft.CppBuild.targets(1098,5): warning MSB8027: Two or more files with the name of bouncemovcomponent.cpp will produce outputs to the same location. This can lead to an incorrect build result.  The files involved are source\bouncemovcomponent.cpp, source\engine\components\bouncemovcomponent.cpp.
C:\Program Files\Microsoft Visual Studio\2022\Community\MSBuild\Microsoft\VC\v170\Microsoft.CppBuild.targets(1098,5): warning MSB8027: Two or more files with the name of engine.cpp will produce outputs to the same location. This can lead to an incorrect build result.  The files involved are source\engine.cpp, source\engine\engine.cpp.
C:\Program Files\Microsoft Visual Studio\2022\Community\MSBuild\Microsoft\VC\v170\Microsoft.CppBuild.targets(1098,5): warning MSB8027: Two or more files with the name of pathmovcomponent.cpp will produce outputs to the same location. This can lead to an incorrect build result.  The files involved are source\engine\components\pathmovcomponent.cpp, source\pathmovcomponent.cpp.
C:\Program Files\Microsoft Visual Studio\2022\Community\MSBuild\Microsoft\VC\v170\Microsoft.CppBuild.targets(1098,5): warning MSB8027: Two or more files with the name of staticspritecomponent.cpp will produce outputs to the same location. This can lead to an incorrect build result.  The files involved are source\engine\components\staticspritecomponent.cpp, source\staticspritecomponent.cpp.
C:\Program Files\Microsoft Visual Studio\2022\Community\MSBuild\Microsoft\VC\v170\Microsoft.CppBuild.targets(1098,5): warning MSB8027: Two or more files with the name of scene.cpp will produce outputs to the same location. This can lead to an incorrect build result.  The files involved are source\engine\scene.cpp, source\scene.cpp.
  actor.cpp
c1xx : fatal error C1083: Cannot open source file: 'source\actor.cpp': No such file or directory
  bouncemovcomponent.cpp
c1xx : fatal error C1083: Cannot open source file: 'source\bouncemovcomponent.cpp': No such file or directory
  component.h
c1xx : fatal error C1083: Cannot open source file: 'source\component.h': No such file or directory
  engine.cpp
c1xx : fatal error C1083: Cannot open source file: 'source\engine.cpp': No such file or directory
  actor.cpp
  bouncemovcomponent.cpp
  floatmovcomponent.cpp
  pathmovcomponent.cpp
  staticspritecomponent.cpp
C:\personale\programming\projects\pacman\pacman-c++\source\engine\components\staticspritecomponent.cpp(45,28): warning C4244: '=': conversion from 'double' to 'int', possible loss of data
C:\personale\programming\projects\pacman\pacman-c++\source\engine\components\staticspritecomponent.cpp(46,28): warning C4244: '=': conversion from 'double' to 'int', possible loss of data
C:\personale\programming\projects\pacman\pacman-c++\source\engine\components\staticspritecomponent.cpp(47,28): warning C4244: '=': conversion from 'double' to 'int', possible loss of data
C:\personale\programming\projects\pacman\pacman-c++\source\engine\components\staticspritecomponent.cpp(48,28): warning C4244: '=': conversion from 'double' to 'int', possible loss of data
  engine.cpp
  inputsystem.cpp
  scene.cpp
  scenefactory.cpp
  game.cpp
  pathmovcomponent.cpp
c1xx : fatal error C1083: Cannot open source file: 'source\pathmovcomponent.cpp': No such file or directory
  scene.cpp
c1xx : fatal error C1083: Cannot open source file: 'source\scene.cpp': No such file or directory
  staticspritecomponent.cpp
c1xx : fatal error C1083: Cannot open source file: 'source\staticspritecomponent.cpp': No such file or directory
  Generating Code...
